<?xml version="1.0" encoding="UTF-8"?>
<!-- Generated by org.testng.reporters.JUnitReportReporter -->
<testsuite hostname="IN-B8WHX14" failures="0" tests="2" name="com.Redbus.tests.HelpTest" time="1.558" errors="1" timestamp="2024-07-31T00:50:24 IST" skipped="1">
  <testcase classname="com.Redbus.tests.HelpTest" name="testClickHelpOption" time="0.000">
    <skipped/>
  </testcase> <!-- testClickHelpOption -->
  <system-out/>
  <testcase classname="com.Redbus.tests.HelpTest" name="setUp" time="1.558">
    <error message="session not created: This version of ChromeDriver only supports Chrome version 124
Current browser version is 127.0.6533.73 with binary path C:\Users\upasna\AppData\Local\Google\Chrome\Application\chrome.exe
Build info: version: &#039;3.141.59&#039;, revision: &#039;e82be7d358&#039;, time: &#039;2018-11-14T08:17:03&#039;
System info: host: &#039;IN-B8WHX14&#039;, ip: &#039;192.168.1.2&#039;, os.name: &#039;Windows 11&#039;, os.arch: &#039;amd64&#039;, os.version: &#039;10.0&#039;, java.version: &#039;22.0.1&#039;
Driver info: driver.version: ChromeDriver
remote stacktrace: 	GetHandleVerifier [0x00007FF6115AF922+3045234]
	(No symbol) [0x00007FF611253652]
	(No symbol) [0x00007FF611117564]
	(No symbol) [0x00007FF611154A92]
	(No symbol) [0x00007FF611153C92]
	(No symbol) [0x00007FF61114DB7B]
	(No symbol) [0x00007FF611149C34]
	(No symbol) [0x00007FF611195219]
	(No symbol) [0x00007FF6111948E0]
	(No symbol) [0x00007FF611189B53]
	(No symbol) [0x00007FF61115813C]
	(No symbol) [0x00007FF611158D71]
	GetHandleVerifier [0x00007FF6115DE89D+3237613]
	GetHandleVerifier [0x00007FF611620BA7+3508727]
	GetHandleVerifier [0x00007FF61161976F+3478975]
	GetHandleVerifier [0x00007FF61138F1C6+815126]
	(No symbol) [0x00007FF61125ED0F]
	(No symbol) [0x00007FF611259854]
	(No symbol) [0x00007FF6112599E2]
	(No symbol) [0x00007FF61124A574]
	BaseThreadInitThunk [0x00007FF83AC5257D+29]
	RtlUserThreadStart [0x00007FF83BAEAF28+40]
" type="org.openqa.selenium.SessionNotCreatedException">
      <![CDATA[org.openqa.selenium.SessionNotCreatedException: session not created: This version of ChromeDriver only supports Chrome version 124
Current browser version is 127.0.6533.73 with binary path C:\Users\upasna\AppData\Local\Google\Chrome\Application\chrome.exe
Build info: version: '3.141.59', revision: 'e82be7d358', time: '2018-11-14T08:17:03'
System info: host: 'IN-B8WHX14', ip: '192.168.1.2', os.name: 'Windows 11', os.arch: 'amd64', os.version: '10.0', java.version: '22.0.1'
Driver info: driver.version: ChromeDriver
remote stacktrace: GetHandleVerifier [0x00007FF6115AF922+3045234]
(No symbol) [0x00007FF611253652]
(No symbol) [0x00007FF611117564]
(No symbol) [0x00007FF611154A92]
(No symbol) [0x00007FF611153C92]
(No symbol) [0x00007FF61114DB7B]
(No symbol) [0x00007FF611149C34]
(No symbol) [0x00007FF611195219]
(No symbol) [0x00007FF6111948E0]
(No symbol) [0x00007FF611189B53]
(No symbol) [0x00007FF61115813C]
(No symbol) [0x00007FF611158D71]
GetHandleVerifier [0x00007FF6115DE89D+3237613]
GetHandleVerifier [0x00007FF611620BA7+3508727]
GetHandleVerifier [0x00007FF61161976F+3478975]
GetHandleVerifier [0x00007FF61138F1C6+815126]
(No symbol) [0x00007FF61125ED0F]
(No symbol) [0x00007FF611259854]
(No symbol) [0x00007FF6112599E2]
(No symbol) [0x00007FF61124A574]
BaseThreadInitThunk [0x00007FF83AC5257D+29]
RtlUserThreadStart [0x00007FF83BAEAF28+40]

at java.base/jdk.internal.reflect.DirectConstructorHandleAccessor.newInstance(DirectConstructorHandleAccessor.java:62)
at java.base/java.lang.reflect.Constructor.newInstanceWithCaller(Constructor.java:502)
at java.base/java.lang.reflect.Constructor.newInstance(Constructor.java:486)
at org.openqa.selenium.remote.W3CHandshakeResponse.lambda$errorHandler$0(W3CHandshakeResponse.java:62)
at org.openqa.selenium.remote.HandshakeResponse.lambda$getResponseFunction$0(HandshakeResponse.java:30)
at org.openqa.selenium.remote.ProtocolHandshake.lambda$createSession$0(ProtocolHandshake.java:126)
at java.base/java.util.stream.ReferencePipeline$3$1.accept(ReferencePipeline.java:212)
at java.base/java.util.Spliterators$ArraySpliterator.tryAdvance(Spliterators.java:1034)
at java.base/java.util.stream.ReferencePipeline.forEachWithCancel(ReferencePipeline.java:144)
at java.base/java.util.stream.AbstractPipeline.copyIntoWithCancel(AbstractPipeline.java:574)
at java.base/java.util.stream.AbstractPipeline.copyInto(AbstractPipeline.java:560)
at java.base/java.util.stream.AbstractPipeline.wrapAndCopyInto(AbstractPipeline.java:546)
at java.base/java.util.stream.FindOps$FindOp.evaluateSequential(FindOps.java:150)
at java.base/java.util.stream.AbstractPipeline.evaluate(AbstractPipeline.java:265)
at java.base/java.util.stream.ReferencePipeline.findFirst(ReferencePipeline.java:662)
at org.openqa.selenium.remote.ProtocolHandshake.createSession(ProtocolHandshake.java:128)
at org.openqa.selenium.remote.ProtocolHandshake.createSession(ProtocolHandshake.java:74)
at org.openqa.selenium.remote.HttpCommandExecutor.execute(HttpCommandExecutor.java:136)
at org.openqa.selenium.remote.service.DriverCommandExecutor.execute(DriverCommandExecutor.java:83)
at org.openqa.selenium.remote.RemoteWebDriver.execute(RemoteWebDriver.java:552)
at org.openqa.selenium.remote.RemoteWebDriver.startSession(RemoteWebDriver.java:213)
at org.openqa.selenium.remote.RemoteWebDriver.<init>(RemoteWebDriver.java:131)
at org.openqa.selenium.chrome.ChromeDriver.<init>(ChromeDriver.java:181)
at org.openqa.selenium.chrome.ChromeDriver.<init>(ChromeDriver.java:168)
at org.openqa.selenium.chrome.ChromeDriver.<init>(ChromeDriver.java:157)
at com.Redbus.tests.BaseTest.setUp(BaseTest.java:31)
at java.base/jdk.internal.reflect.DirectMethodHandleAccessor.invoke(DirectMethodHandleAccessor.java:103)
at java.base/java.lang.reflect.Method.invoke(Method.java:580)
at org.testng.internal.MethodInvocationHelper.invokeMethod(MethodInvocationHelper.java:133)
at org.testng.internal.MethodInvocationHelper.invokeMethodConsideringTimeout(MethodInvocationHelper.java:62)
at org.testng.internal.ConfigInvoker.invokeConfigurationMethod(ConfigInvoker.java:385)
at org.testng.internal.ConfigInvoker.invokeConfigurations(ConfigInvoker.java:321)
at org.testng.internal.TestInvoker.runConfigMethods(TestInvoker.java:700)
at org.testng.internal.TestInvoker.invokeMethod(TestInvoker.java:527)
at org.testng.internal.TestInvoker.invokeTestMethod(TestInvoker.java:173)
at org.testng.internal.MethodRunner.runInSequence(MethodRunner.java:46)
at org.testng.internal.TestInvoker$MethodInvocationAgent.invoke(TestInvoker.java:824)
at org.testng.internal.TestInvoker.invokeTestMethods(TestInvoker.java:146)
at org.testng.internal.TestMethodWorker.invokeTestMethods(TestMethodWorker.java:146)
at org.testng.internal.TestMethodWorker.run(TestMethodWorker.java:128)
at java.base/java.util.ArrayList.forEach(ArrayList.java:1597)
at org.testng.TestRunner.privateRun(TestRunner.java:794)
at org.testng.TestRunner.run(TestRunner.java:596)
at org.testng.SuiteRunner.runTest(SuiteRunner.java:377)
at org.testng.SuiteRunner.runSequentially(SuiteRunner.java:371)
at org.testng.SuiteRunner.privateRun(SuiteRunner.java:332)
at org.testng.SuiteRunner.run(SuiteRunner.java:276)
at org.testng.SuiteRunnerWorker.runSuite(SuiteRunnerWorker.java:53)
at org.testng.SuiteRunnerWorker.run(SuiteRunnerWorker.java:96)
at org.testng.TestNG.runSuitesSequentially(TestNG.java:1212)
at org.testng.TestNG.runSuitesLocally(TestNG.java:1134)
at org.testng.TestNG.runSuites(TestNG.java:1063)
at org.testng.TestNG.run(TestNG.java:1031)
at org.testng.remote.AbstractRemoteTestNG.run(AbstractRemoteTestNG.java:115)
at org.testng.remote.RemoteTestNG.initAndRun(RemoteTestNG.java:293)
at org.testng.remote.RemoteTestNG.main(RemoteTestNG.java:91)
]]>
    </error>
  </testcase> <!-- setUp -->
  <system-out/>
</testsuite> <!-- com.Redbus.tests.HelpTest -->
